95bef8a (HEAD -> main, origin/main) Update net page
a3dec5f Adding some changes to the README file
0f6603c Update net page with the links of my classmates
9856842 Update about page
caf7dd1 Update Images
a69fc99 Update Fce page
a7a37d7 Update the about page
e85d604 Force GitHub Pages redeploy
3169c62 Update Lincense
ed19275 Update index page
9e39183 Update the net page with structure and information
9582d50 Add images for website content
080653b Clean and consolidate global styles
5d9a182 Update Topic file with information and structure
4deabd3 Adding some changes to the README file
587b222 Update contact page with a structure
f338cbb Update FCE page
d7d37db Update degree page content
e1da7c1 Update About page in public directory
453824e Adding some changes to the README file
2072e82 Add public HTML pages structure
eaee85f Improve website design with professional CSS
7b54671 Adding some changes to the README file
b78e024 Adding main page index.html
aad10d7 Adding some changes to the README file
fc034b0 Add global CSS
2eb0972 Adding initial README with project actions
e82fcb4 Add LICENSE
20c0b91 Add .gitignore
